<?xml version="1.0" encoding="UTF-8"?>
<robot generator="Robot 7.3 (Python 3.13.7 on win32)" generated="2025-09-22T11:51:35.075600" rpa="false" schemaversion="5">
<suite id="s1" name="Tests" source="C:\robot-rem\robot-rem\tests">
<suite id="s1-s1" name="Initial Data" source="C:\robot-rem\robot-rem\tests\Initial_Data">
<suite id="s1-s1-s1" name="Bank" source="C:\robot-rem\robot-rem\tests\Initial_Data\bank">
<suite id="s1-s1-s1-s1" name="Bank" source="C:\robot-rem\robot-rem\tests\Initial_Data\bank\bank.robot">
<test id="s1-s1-s1-s1-t1" name="bank navigation" line="8">
<kw name="Login To Application" owner="login" type="SETUP">
<kw name="Open Browser" owner="SeleniumLibrary">
<arg>${WEB_URL}</arg>
<arg>chrome</arg>
<doc>Opens a new browser instance to the optional ``url``.</doc>
<status status="NOT RUN" start="2025-09-22T11:51:35.724509" elapsed="0.000152"/>
</kw>
<kw name="Maximize Browser Window" owner="SeleniumLibrary">
<doc>Maximizes current browser window.</doc>
<status status="NOT RUN" start="2025-09-22T11:51:35.724842" elapsed="0.000053"/>
</kw>
<kw name="Wait Until Element Is Visible" owner="SeleniumLibrary">
<arg>id:txtUsername</arg>
<arg>15</arg>
<doc>Waits until the element ``locator`` is visible.</doc>
<status status="NOT RUN" start="2025-09-22T11:51:35.725008" elapsed="0.000273"/>
</kw>
<kw name="Input Text" owner="SeleniumLibrary">
<arg>${INPUT_LOGIN}</arg>
<arg>${USERNAME}</arg>
<doc>Types the given ``text`` into the text field identified by ``locator``.</doc>
<status status="NOT RUN" start="2025-09-22T11:51:35.725416" elapsed="0.000079"/>
</kw>
<kw name="Input Text" owner="SeleniumLibrary">
<arg>${INPUT_PASSWORD}</arg>
<arg>${PASSWORD}</arg>
<doc>Types the given ``text`` into the text field identified by ``locator``.</doc>
<status status="NOT RUN" start="2025-09-22T11:51:35.725623" elapsed="0.000064"/>
</kw>
<kw name="Click Button" owner="SeleniumLibrary">
<arg>${BUTTON_SIGNIN}</arg>
<doc>Clicks the button identified by ``locator``.</doc>
<status status="NOT RUN" start="2025-09-22T11:51:35.725789" elapsed="0.000052"/>
</kw>
<kw name="Wait Until Element Is Not Visible" owner="SeleniumLibrary">
<arg>${BUTTON_SIGNIN}</arg>
<arg>15</arg>
<doc>Waits until the element ``locator`` is not visible.</doc>
<status status="NOT RUN" start="2025-09-22T11:51:35.725939" elapsed="0.000087"/>
</kw>
<kw name="Sleep" owner="BuiltIn">
<arg>2</arg>
<doc>Pauses the test executed for the given time.</doc>
<status status="NOT RUN" start="2025-09-22T11:51:35.726126" elapsed="0.000054"/>
</kw>
<doc>Logs in to the application with the provided credentials.</doc>
<status status="PASS" start="2025-09-22T11:51:35.723492" elapsed="0.002743"/>
</kw>
<kw name="open bank initial data" owner="bank">
<kw name="Sleep" owner="BuiltIn">
<arg>1s</arg>
<doc>Pauses the test executed for the given time.</doc>
<status status="NOT RUN" start="2025-09-22T11:51:35.726612" elapsed="0.000058"/>
</kw>
<kw name="Click Element" owner="SeleniumLibrary">
<arg>${Select_Initial_Data}</arg>
<doc>Click the element identified by ``locator``.</doc>
<status status="NOT RUN" start="2025-09-22T11:51:35.726775" elapsed="0.000055"/>
</kw>
<doc>Navigate to Initial Data section for Bank setup.</doc>
<status status="PASS" start="2025-09-22T11:51:35.726411" elapsed="0.000468"/>
</kw>
<status status="PASS" start="2025-09-22T11:51:35.722622" elapsed="0.004366"/>
</test>
<status status="PASS" start="2025-09-22T11:51:35.119676" elapsed="0.607755"/>
</suite>
<status status="PASS" start="2025-09-22T11:51:35.115484" elapsed="0.612522"/>
</suite>
<suite id="s1-s1-s2" name="Branding" source="C:\robot-rem\robot-rem\tests\Initial_Data\branding">
<suite id="s1-s1-s2-s1" name="Branding" source="C:\robot-rem\robot-rem\tests\Initial_Data\branding\branding.robot">
<test id="s1-s1-s2-s1-t1" name="company Test" line="8">
<kw name="Login To Application" owner="login" type="SETUP">
<kw name="Open Browser" owner="SeleniumLibrary">
<arg>${WEB_URL}</arg>
<arg>chrome</arg>
<doc>Opens a new browser instance to the optional ``url``.</doc>
<status status="NOT RUN" start="2025-09-22T11:51:35.738505" elapsed="0.000093"/>
</kw>
<kw name="Maximize Browser Window" owner="SeleniumLibrary">
<doc>Maximizes current browser window.</doc>
<status status="NOT RUN" start="2025-09-22T11:51:35.738720" elapsed="0.000038"/>
</kw>
<kw name="Wait Until Element Is Visible" owner="SeleniumLibrary">
<arg>id:txtUsername</arg>
<arg>15</arg>
<doc>Waits until the element ``locator`` is visible.</doc>
<status status="NOT RUN" start="2025-09-22T11:51:35.738870" elapsed="0.000137"/>
</kw>
<kw name="Input Text" owner="SeleniumLibrary">
<arg>${INPUT_LOGIN}</arg>
<arg>${USERNAME}</arg>
<doc>Types the given ``text`` into the text field identified by ``locator``.</doc>
<status status="NOT RUN" start="2025-09-22T11:51:35.739111" elapsed="0.000079"/>
</kw>
<kw name="Input Text" owner="SeleniumLibrary">
<arg>${INPUT_PASSWORD}</arg>
<arg>${PASSWORD}</arg>
<doc>Types the given ``text`` into the text field identified by ``locator``.</doc>
<status status="NOT RUN" start="2025-09-22T11:51:35.739289" elapsed="0.000058"/>
</kw>
<kw name="Click Button" owner="SeleniumLibrary">
<arg>${BUTTON_SIGNIN}</arg>
<doc>Clicks the button identified by ``locator``.</doc>
<status status="NOT RUN" start="2025-09-22T11:51:35.739437" elapsed="0.000049"/>
</kw>
<kw name="Wait Until Element Is Not Visible" owner="SeleniumLibrary">
<arg>${BUTTON_SIGNIN}</arg>
<arg>15</arg>
<doc>Waits until the element ``locator`` is not visible.</doc>
<status status="NOT RUN" start="2025-09-22T11:51:35.739577" elapsed="0.000083"/>
</kw>
<kw name="Sleep" owner="BuiltIn">
<arg>2</arg>
<doc>Pauses the test executed for the given time.</doc>
<status status="NOT RUN" start="2025-09-22T11:51:35.739759" elapsed="0.000056"/>
</kw>
<doc>Logs in to the application with the provided credentials.</doc>
<status status="PASS" start="2025-09-22T11:51:35.738250" elapsed="0.001620"/>
</kw>
<kw name="check add new branding" owner="branding">
<kw name="Sleep" owner="BuiltIn">
<arg>1s</arg>
<doc>Pauses the test executed for the given time.</doc>
<status status="NOT RUN" start="2025-09-22T11:51:35.740258" elapsed="0.000053"/>
</kw>
<kw name="Random Int" owner="FakerLibrary">
<var>${random_branding_id}</var>
<arg>100000</arg>
<arg>999999</arg>
<doc>Generate a random integer between two integers ``min`` and ``max`` inclusive
while observing the provided ``step`` value.</doc>
<status status="NOT RUN" start="2025-09-22T11:51:35.740423" elapsed="0.000078"/>
</kw>
<kw name="Company" owner="FakerLibrary">
<var>${random_branding_name}</var>
<doc>:example: 'Acme Ltd'</doc>
<status status="NOT RUN" start="2025-09-22T11:51:35.740600" elapsed="0.000036"/>
</kw>
<kw name="Phone Number" owner="FakerLibrary">
<var>${random_phone}</var>
<status status="NOT RUN" start="2025-09-22T11:51:35.740723" elapsed="0.000034"/>
</kw>
<kw name="Random Number" owner="FakerLibrary">
<var>${BrandCode}</var>
<arg>digits=13</arg>
<doc>Generate a random integer according to the following rules:</doc>
<status status="NOT RUN" start="2025-09-22T11:51:35.740841" elapsed="0.000080"/>
</kw>
<kw name="First Name Female" owner="FakerLibrary">
<var>${name_eng}</var>
<status status="NOT RUN" start="2025-09-22T11:51:35.741017" elapsed="0.000036"/>
</kw>
<kw name="Sleep" owner="BuiltIn">
<arg>1s</arg>
<doc>Pauses the test executed for the given time.</doc>
<status status="NOT RUN" start="2025-09-22T11:51:35.741137" elapsed="0.000059"/>
</kw>
<kw name="Click Element" owner="SeleniumLibrary">
<arg>${Select_Initial_Data}</arg>
<doc>Click the element identified by ``locator``.</doc>
<status status="NOT RUN" start="2025-09-22T11:51:35.741290" elapsed="0.000055"/>
</kw>
<kw name="Sleep" owner="BuiltIn">
<arg>2s</arg>
<doc>Pauses the test executed for the given time.</doc>
<status status="NOT RUN" start="2025-09-22T11:51:35.741427" elapsed="0.000044"/>
</kw>
<kw name="Click Element" owner="SeleniumLibrary">
<arg>xpath=//a[@href='Brand.aspx']//span[@class='ui-icon ui-icon-carat-1-e icon-right']</arg>
<doc>Click the element identified by ``locator``.</doc>
<status status="NOT RUN" start="2025-09-22T11:51:35.741555" elapsed="0.000084"/>
</kw>
<kw name="Click Element" owner="SeleniumLibrary">
<arg>xpath=//lg[contains(text(),'เพิ่มข้อมูล')]</arg>
<doc>Click the element identified by ``locator``.</doc>
<status status="NOT RUN" start="2025-09-22T11:51:35.741890" elapsed="0.000094"/>
</kw>
<kw name="Input Text" owner="SeleniumLibrary">
<arg>xpath=//input[@id='dialogBrandName']</arg>
<arg>${random_branding_name}</arg>
<doc>Types the given ``text`` into the text field identified by ``locator``.</doc>
<status status="NOT RUN" start="2025-09-22T11:51:35.742077" elapsed="0.000087"/>
</kw>
<kw name="Input Text" owner="SeleniumLibrary">
<arg>xpath=//input[@id='dialogBrandNameEng']</arg>
<arg>${name_eng}</arg>
<doc>Types the given ``text`` into the text field identified by ``locator``.</doc>
<status status="NOT RUN" start="2025-09-22T11:51:35.742254" elapsed="0.000438"/>
</kw>
<kw name="Input Text" owner="SeleniumLibrary">
<arg>xpath=//input[@id='dialogBrandNameAbs']</arg>
<arg>${random_branding_name}</arg>
<doc>Types the given ``text`` into the text field identified by ``locator``.</doc>
<status status="NOT RUN" start="2025-09-22T11:51:35.742842" elapsed="0.000125"/>
</kw>
<kw name="Input Text" owner="SeleniumLibrary">
<arg>xpath=//input[@id='dialogBrandNameEngAbs']</arg>
<arg>${name_eng}</arg>
<doc>Types the given ``text`` into the text field identified by ``locator``.</doc>
<status status="NOT RUN" start="2025-09-22T11:51:35.743080" elapsed="0.000109"/>
</kw>
<kw name="Input Text" owner="SeleniumLibrary">
<arg>xpath=//input[@id='dialogBrandCode']</arg>
<arg>${BrandCode}</arg>
<doc>Types the given ``text`` into the text field identified by ``locator``.</doc>
<status status="NOT RUN" start="2025-09-22T11:51:35.743293" elapsed="0.000094"/>
</kw>
<kw name="Click Element" owner="SeleniumLibrary">
<arg>xpath=//button[.//span[normalize-space(text())='บันทึก']]</arg>
<doc>Click the element identified by ``locator``.</doc>
<status status="NOT RUN" start="2025-09-22T11:51:35.743491" elapsed="0.000082"/>
</kw>
<kw name="Input Text" owner="SeleniumLibrary">
<arg>xpath=//input[@id='txtSearchText']</arg>
<arg>${random_branding_name}</arg>
<doc>Types the given ``text`` into the text field identified by ``locator``.</doc>
<status status="NOT RUN" start="2025-09-22T11:51:35.743670" elapsed="0.000097"/>
</kw>
<kw name="Click Element" owner="SeleniumLibrary">
<arg>xpath=//button[@id='btSearch']</arg>
<doc>Click the element identified by ``locator``.</doc>
<status status="NOT RUN" start="2025-09-22T11:51:35.743865" elapsed="0.000078"/>
</kw>
<kw name="Sleep" owner="BuiltIn">
<arg>2s</arg>
<doc>Pauses the test executed for the given time.</doc>
<status status="NOT RUN" start="2025-09-22T11:51:35.744033" elapsed="0.000048"/>
</kw>
<kw name="Click Element" owner="SeleniumLibrary">
<arg>xpath=//img[@id='dImg']</arg>
<doc>Click the element identified by ``locator``.</doc>
<status status="NOT RUN" start="2025-09-22T11:51:35.744168" elapsed="0.000072"/>
</kw>
<kw name="Click Element" owner="SeleniumLibrary">
<arg>xpath=//span[contains(text(),'ตกลง')]</arg>
<doc>Click the element identified by ``locator``.</doc>
<status status="NOT RUN" start="2025-09-22T11:51:35.744325" elapsed="0.000068"/>
</kw>
<kw name="Sleep" owner="BuiltIn">
<arg>2s</arg>
<doc>Pauses the test executed for the given time.</doc>
<status status="NOT RUN" start="2025-09-22T11:51:35.744479" elapsed="0.000045"/>
</kw>
<kw name="Click Element" owner="SeleniumLibrary">
<arg>xpath=//img[@id='dImg']</arg>
<doc>Click the element identified by ``locator``.</doc>
<status status="NOT RUN" start="2025-09-22T11:51:35.744609" elapsed="0.000070"/>
</kw>
<kw name="Click Element" owner="SeleniumLibrary">
<arg>xpath=//span[contains(text(),'ตกลง')]</arg>
<doc>Click the element identified by ``locator``.</doc>
<status status="NOT RUN" start="2025-09-22T11:51:35.744762" elapsed="0.000070"/>
</kw>
<doc>This keyword checks if the common keyword is available.</doc>
<status status="PASS" start="2025-09-22T11:51:35.740085" elapsed="0.004795"/>
</kw>
<status status="PASS" start="2025-09-22T11:51:35.737814" elapsed="0.007179"/>
</test>
<status status="PASS" start="2025-09-22T11:51:35.729728" elapsed="0.015582"/>
</suite>
<status status="PASS" start="2025-09-22T11:51:35.728342" elapsed="0.017496"/>
</suite>
<suite id="s1-s1-s3" name="Company" source="C:\robot-rem\robot-rem\tests\Initial_Data\company">
<suite id="s1-s1-s3-s1" name="Company" source="C:\robot-rem\robot-rem\tests\Initial_Data\company\company.robot">
<test id="s1-s1-s3-s1-t1" name="company Test" line="8">
<kw name="Login To Application" owner="login" type="SETUP">
<kw name="Open Browser" owner="SeleniumLibrary">
<arg>${WEB_URL}</arg>
<arg>chrome</arg>
<doc>Opens a new browser instance to the optional ``url``.</doc>
<status status="NOT RUN" start="2025-09-22T11:51:35.756232" elapsed="0.000088"/>
</kw>
<kw name="Maximize Browser Window" owner="SeleniumLibrary">
<doc>Maximizes current browser window.</doc>
<status status="NOT RUN" start="2025-09-22T11:51:35.756446" elapsed="0.000040"/>
</kw>
<kw name="Wait Until Element Is Visible" owner="SeleniumLibrary">
<arg>id:txtUsername</arg>
<arg>15</arg>
<doc>Waits until the element ``locator`` is visible.</doc>
<status status="NOT RUN" start="2025-09-22T11:51:35.756578" elapsed="0.000130"/>
</kw>
<kw name="Input Text" owner="SeleniumLibrary">
<arg>${INPUT_LOGIN}</arg>
<arg>${USERNAME}</arg>
<doc>Types the given ``text`` into the text field identified by ``locator``.</doc>
<status status="NOT RUN" start="2025-09-22T11:51:35.756819" elapsed="0.000068"/>
</kw>
<kw name="Input Text" owner="SeleniumLibrary">
<arg>${INPUT_PASSWORD}</arg>
<arg>${PASSWORD}</arg>
<doc>Types the given ``text`` into the text field identified by ``locator``.</doc>
<status status="NOT RUN" start="2025-09-22T11:51:35.756996" elapsed="0.000061"/>
</kw>
<kw name="Click Button" owner="SeleniumLibrary">
<arg>${BUTTON_SIGNIN}</arg>
<doc>Clicks the button identified by ``locator``.</doc>
<status status="NOT RUN" start="2025-09-22T11:51:35.757163" elapsed="0.000051"/>
</kw>
<kw name="Wait Until Element Is Not Visible" owner="SeleniumLibrary">
<arg>${BUTTON_SIGNIN}</arg>
<arg>15</arg>
<doc>Waits until the element ``locator`` is not visible.</doc>
<status status="NOT RUN" start="2025-09-22T11:51:35.757300" elapsed="0.000078"/>
</kw>
<kw name="Sleep" owner="BuiltIn">
<arg>2</arg>
<doc>Pauses the test executed for the given time.</doc>
<status status="NOT RUN" start="2025-09-22T11:51:35.757471" elapsed="0.000052"/>
</kw>
<doc>Logs in to the application with the provided credentials.</doc>
<status status="PASS" start="2025-09-22T11:51:35.756000" elapsed="0.001571"/>
</kw>
<kw name="check add new company" owner="company">
<kw name="Sleep" owner="BuiltIn">
<arg>1s</arg>
<doc>Pauses the test executed for the given time.</doc>
<status status="NOT RUN" start="2025-09-22T11:51:35.757980" elapsed="0.000050"/>
</kw>
<kw name="Click Element" owner="SeleniumLibrary">
<arg>${Select_Initial_Data}</arg>
<doc>Click the element identified by ``locator``.</doc>
<status status="NOT RUN" start="2025-09-22T11:51:35.758122" elapsed="0.000051"/>
</kw>
<kw name="Click Element" owner="SeleniumLibrary">
<arg>${Add_Company}</arg>
<doc>Click the element identified by ``locator``.</doc>
<status status="NOT RUN" start="2025-09-22T11:51:35.758257" elapsed="0.000048"/>
</kw>
<kw name="Sleep" owner="BuiltIn">
<arg>1s</arg>
<doc>Pauses the test executed for the given time.</doc>
<status status="NOT RUN" start="2025-09-22T11:51:35.758385" elapsed="0.000044"/>
</kw>
<kw name="Random Int" owner="FakerLibrary">
<var>${random_company_id}</var>
<arg>100000</arg>
<arg>999999</arg>
<doc>Generate a random integer between two integers ``min`` and ``max`` inclusive
while observing the provided ``step`` value.</doc>
<status status="NOT RUN" start="2025-09-22T11:51:35.758523" elapsed="0.000070"/>
</kw>
<kw name="Company" owner="FakerLibrary">
<var>${random_company_name}</var>
<doc>:example: 'Acme Ltd'</doc>
<status status="NOT RUN" start="2025-09-22T11:51:35.758835" elapsed="0.000047"/>
</kw>
<kw name="Phone Number" owner="FakerLibrary">
<var>${random_phone}</var>
<status status="NOT RUN" start="2025-09-22T11:51:35.758988" elapsed="0.000038"/>
</kw>
<kw name="Random Number" owner="FakerLibrary">
<var>${vat_number}</var>
<arg>digits=13</arg>
<doc>Generate a random integer according to the following rules:</doc>
<status status="NOT RUN" start="2025-09-22T11:51:35.759110" elapsed="0.000082"/>
</kw>
<kw name="First Name Female" owner="FakerLibrary">
<var>${name_eng}</var>
<status status="NOT RUN" start="2025-09-22T11:51:35.759280" elapsed="0.000034"/>
</kw>
<kw name="Input Text" owner="SeleniumLibrary">
<arg>${CompanyID}</arg>
<arg>${random_company_id}</arg>
<doc>Types the given ``text`` into the text field identified by ``locator``.</doc>
<status status="NOT RUN" start="2025-09-22T11:51:35.759398" elapsed="0.000063"/>
</kw>
<kw name="Input Text" owner="SeleniumLibrary">
<arg>${CompanyNameThai}</arg>
<arg>${random_company_name}</arg>
<doc>Types the given ``text`` into the text field identified by ``locator``.</doc>
<status status="NOT RUN" start="2025-09-22T11:51:35.759551" elapsed="0.000058"/>
</kw>
<kw name="Input Text" owner="SeleniumLibrary">
<arg>${vat}</arg>
<arg>${vat_number}</arg>
<doc>Types the given ``text`` into the text field identified by ``locator``.</doc>
<status status="NOT RUN" start="2025-09-22T11:51:35.759694" elapsed="0.000054"/>
</kw>
<kw name="Input Text" owner="SeleniumLibrary">
<arg>${CompanyNameEng}</arg>
<arg>${name_eng}</arg>
<doc>Types the given ``text`` into the text field identified by ``locator``.</doc>
<status status="NOT RUN" start="2025-09-22T11:51:35.759831" elapsed="0.000053"/>
</kw>
<kw name="Input Text" owner="SeleniumLibrary">
<arg>${phone}</arg>
<arg>${random_phone}</arg>
<doc>Types the given ``text`` into the text field identified by ``locator``.</doc>
<status status="NOT RUN" start="2025-09-22T11:51:35.759966" elapsed="0.000052"/>
</kw>
<kw name="Click Element" owner="SeleniumLibrary">
<arg>${save_company}</arg>
<doc>Click the element identified by ``locator``.</doc>
<status status="NOT RUN" start="2025-09-22T11:51:35.760104" elapsed="0.000048"/>
</kw>
<kw name="Sleep" owner="BuiltIn">
<arg>2s</arg>
<doc>Pauses the test executed for the given time.</doc>
<status status="NOT RUN" start="2025-09-22T11:51:35.760247" elapsed="0.000047"/>
</kw>
<kw name="Click Element" owner="SeleniumLibrary">
<arg>${OK_Button}</arg>
<doc>Click the element identified by ``locator``.</doc>
<status status="NOT RUN" start="2025-09-22T11:51:35.760378" elapsed="0.000048"/>
</kw>
<kw name="Press Keys" owner="SeleniumLibrary">
<arg>None</arg>
<arg>TAB</arg>
<doc>Simulates the user pressing key(s) to an element or on the active browser.</doc>
<status status="NOT RUN" start="2025-09-22T11:51:35.760513" elapsed="0.000101"/>
</kw>
<kw name="Press Keys" owner="SeleniumLibrary">
<arg>None</arg>
<arg>Enter</arg>
<doc>Simulates the user pressing key(s) to an element or on the active browser.</doc>
<status status="NOT RUN" start="2025-09-22T11:51:35.760714" elapsed="0.000081"/>
</kw>
<kw name="Input Text" owner="SeleniumLibrary">
<arg>${search_text}</arg>
<arg>${random_company_id}</arg>
<doc>Types the given ``text`` into the text field identified by ``locator``.</doc>
<status status="NOT RUN" start="2025-09-22T11:51:35.760882" elapsed="0.000056"/>
</kw>
<kw name="Sleep" owner="BuiltIn">
<arg>1s</arg>
<doc>Pauses the test executed for the given time.</doc>
<status status="NOT RUN" start="2025-09-22T11:51:35.761041" elapsed="0.000048"/>
</kw>
<kw name="Click Element" owner="SeleniumLibrary">
<arg>${search_button}</arg>
<doc>Click the element identified by ``locator``.</doc>
<status status="NOT RUN" start="2025-09-22T11:51:35.761176" elapsed="0.000050"/>
</kw>
<kw name="Sleep" owner="BuiltIn">
<arg>2s</arg>
<doc>Pauses the test executed for the given time.</doc>
<status status="NOT RUN" start="2025-09-22T11:51:35.761304" elapsed="0.000044"/>
</kw>
<kw name="Click Element" owner="SeleniumLibrary">
<arg>${activate_button}</arg>
<doc>Click the element identified by ``locator``.</doc>
<status status="NOT RUN" start="2025-09-22T11:51:35.761427" elapsed="0.000046"/>
</kw>
<kw name="Click Element" owner="SeleniumLibrary">
<arg>${accept_button}</arg>
<doc>Click the element identified by ``locator``.</doc>
<status status="NOT RUN" start="2025-09-22T11:51:35.761552" elapsed="0.000046"/>
</kw>
<kw name="Sleep" owner="BuiltIn">
<arg>2s</arg>
<doc>Pauses the test executed for the given time.</doc>
<status status="NOT RUN" start="2025-09-22T11:51:35.761675" elapsed="0.000042"/>
</kw>
<kw name="Click Element" owner="SeleniumLibrary">
<arg>${activate_button}</arg>
<doc>Click the element identified by ``locator``.</doc>
<status status="NOT RUN" start="2025-09-22T11:51:35.761796" elapsed="0.000046"/>
</kw>
<kw name="Click Element" owner="SeleniumLibrary">
<arg>${accept_button}</arg>
<doc>Click the element identified by ``locator``.</doc>
<status status="NOT RUN" start="2025-09-22T11:51:35.761922" elapsed="0.000045"/>
</kw>
<kw name="Sleep" owner="BuiltIn">
<arg>2s</arg>
<doc>Pauses the test executed for the given time.</doc>
<status status="NOT RUN" start="2025-09-22T11:51:35.762043" elapsed="0.000042"/>
</kw>
<kw name="Click Element" owner="SeleniumLibrary">
<arg>${settings_button}</arg>
<doc>Click the element identified by ``locator``.</doc>
<status status="NOT RUN" start="2025-09-22T11:51:35.762164" elapsed="0.000047"/>
</kw>
<kw name="Sleep" owner="BuiltIn">
<arg>2s</arg>
<doc>Pauses the test executed for the given time.</doc>
<status status="NOT RUN" start="2025-09-22T11:51:35.762287" elapsed="0.000041"/>
</kw>
<kw name="Input Text" owner="SeleniumLibrary">
<arg>${monney_input}</arg>
<arg>100</arg>
<doc>Types the given ``text`` into the text field identified by ``locator``.</doc>
<status status="NOT RUN" start="2025-09-22T11:51:35.762407" elapsed="0.000054"/>
</kw>
<kw name="Sleep" owner="BuiltIn">
<arg>2s</arg>
<doc>Pauses the test executed for the given time.</doc>
<status status="NOT RUN" start="2025-09-22T11:51:35.762557" elapsed="0.000046"/>
</kw>
<kw name="Click Element" owner="SeleniumLibrary">
<arg>${save_button}</arg>
<doc>Click the element identified by ``locator``.</doc>
<status status="NOT RUN" start="2025-09-22T11:51:35.762687" elapsed="0.000048"/>
</kw>
<doc>This keyword checks if the common keyword is available.</doc>
<status status="PASS" start="2025-09-22T11:51:35.757811" elapsed="0.004969"/>
</kw>
<status status="PASS" start="2025-09-22T11:51:35.755605" elapsed="0.007279"/>
</test>
<status status="PASS" start="2025-09-22T11:51:35.747539" elapsed="0.015643"/>
</suite>
<status status="PASS" start="2025-09-22T11:51:35.746163" elapsed="0.017504"/>
</suite>
<status status="PASS" start="2025-09-22T11:51:35.114178" elapsed="0.649890"/>
</suite>
<status status="PASS" start="2025-09-22T11:51:35.077892" elapsed="0.686551"/>
</suite>
<statistics>
<total>
<stat pass="3" fail="0" skip="0">All Tests</stat>
</total>
<tag>
</tag>
<suite>
<stat name="Tests" id="s1" pass="3" fail="0" skip="0">Tests</stat>
<stat name="Initial Data" id="s1-s1" pass="3" fail="0" skip="0">Tests.Initial Data</stat>
<stat name="Bank" id="s1-s1-s1" pass="1" fail="0" skip="0">Tests.Initial Data.Bank</stat>
<stat name="Bank" id="s1-s1-s1-s1" pass="1" fail="0" skip="0">Tests.Initial Data.Bank.Bank</stat>
<stat name="Branding" id="s1-s1-s2" pass="1" fail="0" skip="0">Tests.Initial Data.Branding</stat>
<stat name="Branding" id="s1-s1-s2-s1" pass="1" fail="0" skip="0">Tests.Initial Data.Branding.Branding</stat>
<stat name="Company" id="s1-s1-s3" pass="1" fail="0" skip="0">Tests.Initial Data.Company</stat>
<stat name="Company" id="s1-s1-s3-s1" pass="1" fail="0" skip="0">Tests.Initial Data.Company.Company</stat>
</suite>
</statistics>
<errors>
</errors>
</robot>
